<?xml version="1.0" encoding="UTF-8"?>
<testsuite name="GreeterTest" tests="1" skipped="0" failures="0" errors="0" timestamp="2022-03-07T16:58:51" hostname="LAPTOP-EH9S7OFL" time="0.095">
  <properties/>
  <testcase name="testThatGreeterReturnsTheCorrectGreeting" classname="GreeterTest" time="0.095"/>
  <system-out><![CDATA[]]></system-out>
  <system-err><![CDATA[]]></system-err>
</testsuite>
