<?xml version="1.0" encoding="UTF-8"?>
<testsuite name="BirdWatcherTest" tests="10" skipped="0" failures="0" errors="0" timestamp="2022-03-09T13:28:13" hostname="LAPTOP-EH9S7OFL" time="0.102">
  <properties/>
  <testcase name="itShouldNotHaveBusyDays" classname="BirdWatcherTest" time="0.083"/>
  <testcase name="itShouldReturnZeroIfBirdWatcherLastWeekIsEmpty" classname="BirdWatcherTest" time="0.001"/>
  <testcase name="itShouldNotHaveDaysWithoutBirds" classname="BirdWatcherTest" time="0.002"/>
  <testcase name="itTestGetLastWeek" classname="BirdWatcherTest" time="0.013"/>
  <testcase name="itHasDayWithoutBirds" classname="BirdWatcherTest" time="0.0"/>
  <testcase name="itTestGetCountForBusyDays" classname="BirdWatcherTest" time="0.0"/>
  <testcase name="itTestGetCountForFirstDays" classname="BirdWatcherTest" time="0.0"/>
  <testcase name="itTestGetToday" classname="BirdWatcherTest" time="0.0"/>
  <testcase name="itIncrementTodaysCount" classname="BirdWatcherTest" time="0.001"/>
  <testcase name="itTestGetCountForMoreDaysThanTheArraySize" classname="BirdWatcherTest" time="0.0"/>
  <system-out><![CDATA[]]></system-out>
  <system-err><![CDATA[]]></system-err>
</testsuite>
